[2026-02-10 19:03:15.005] [jointLog] [info] Fragment incompatibility prior below threshold.  Incompatible fragments will be ignored.
[2026-02-10 19:03:15.005] [jointLog] [info] Usage of --validateMappings implies use of minScoreFraction. Since not explicitly specified, it is being set to 0.65
[2026-02-10 19:03:15.005] [jointLog] [info] Usage of --validateMappings, without --hardFilter implies use of range factorization. rangeFactorizationBins is being set to 4
[2026-02-10 19:03:15.005] [jointLog] [info] Usage of --validateMappings implies a default consensus slack of 0.2. Setting consensusSlack to 0.2.
[2026-02-10 19:03:15.005] [jointLog] [info] parsing read library format
[2026-02-10 19:03:15.005] [jointLog] [info] There is 1 library.
[2026-02-10 19:03:15.085] [jointLog] [info] Loading Quasi index
[2026-02-10 19:03:15.085] [jointLog] [info] Loading 32-bit quasi index
[2026-02-10 19:03:22.912] [jointLog] [info] done
[2026-02-10 19:03:22.912] [jointLog] [info] Index contained 147,556 targets
[2026-02-10 19:03:25.723] [jointLog] [info] Automatically detected most likely library type as ISR
[2026-02-10 19:08:33.060] [jointLog] [info] Thread saw mini-batch with a maximum of 0.92% zero probability fragments
[2026-02-10 19:08:33.141] [jointLog] [info] Thread saw mini-batch with a maximum of 0.94% zero probability fragments
[2026-02-10 19:08:33.144] [jointLog] [info] Thread saw mini-batch with a maximum of 0.96% zero probability fragments
[2026-02-10 19:08:33.149] [jointLog] [info] Thread saw mini-batch with a maximum of 1.06% zero probability fragments
[2026-02-10 19:08:33.155] [jointLog] [info] Thread saw mini-batch with a maximum of 0.92% zero probability fragments
[2026-02-10 19:08:33.194] [jointLog] [info] Thread saw mini-batch with a maximum of 1.04% zero probability fragments
[2026-02-10 19:08:33.231] [jointLog] [info] Thread saw mini-batch with a maximum of 1.04% zero probability fragments
[2026-02-10 19:08:33.243] [jointLog] [info] Thread saw mini-batch with a maximum of 0.92% zero probability fragments
[2026-02-10 19:08:33.439] [jointLog] [info] Computed 413,163 rich equivalence classes for further processing
[2026-02-10 19:08:33.439] [jointLog] [info] Counted 35,229,800 total reads in the equivalence classes 
[2026-02-10 19:08:33.449] [jointLog] [info] Number of mappings discarded because of alignment score : 1,504,667
[2026-02-10 19:08:33.449] [jointLog] [info] Number of fragments entirely discarded because of alignment score : 724,931
[2026-02-10 19:08:33.449] [jointLog] [info] Number of fragments discarded because they are best-mapped to decoys : 0
[2026-02-10 19:08:33.449] [jointLog] [info] Number of fragments discarded because they have only dovetail (discordant) mappings : 1,822,566
[2026-02-10 19:08:33.449] [jointLog] [info] Mapping rate = 86.0102%

[2026-02-10 19:08:33.449] [jointLog] [info] finished quantifyLibrary()
[2026-02-10 19:08:33.449] [jointLog] [info] Starting optimizer
[2026-02-10 19:08:33.524] [jointLog] [info] Marked 0 weighted equivalence classes as degenerate
[2026-02-10 19:08:33.536] [jointLog] [info] iteration = 0 | max rel diff. = 7040.94
[2026-02-10 19:08:33.664] [jointLog] [info] iteration 11, adjusting effective lengths to account for biases
[2026-02-10 19:08:33.439] [fileLog] [info] 
At end of round 0
==================
Observed 40960017 total fragments (40960017 in most recent round)

[2026-02-10 19:09:06.908] [jointLog] [info] Computed expected counts (for bias correction)
[2026-02-10 19:09:06.908] [jointLog] [info] processed bias for 0.0% of the transcripts
[2026-02-10 19:09:12.906] [jointLog] [info] processed bias for 10.0% of the transcripts
[2026-02-10 19:09:19.187] [jointLog] [info] processed bias for 20.0% of the transcripts
[2026-02-10 19:09:25.243] [jointLog] [info] processed bias for 30.0% of the transcripts
[2026-02-10 19:09:31.330] [jointLog] [info] processed bias for 40.0% of the transcripts
[2026-02-10 19:09:37.681] [jointLog] [info] processed bias for 50.0% of the transcripts
[2026-02-10 19:09:42.612] [jointLog] [info] processed bias for 100.0% of the transcripts
[2026-02-10 19:09:43.762] [jointLog] [info] iteration = 100 | max rel diff. = 18.7904
[2026-02-10 19:09:45.034] [jointLog] [info] iteration = 200 | max rel diff. = 9.24477
[2026-02-10 19:09:46.300] [jointLog] [info] iteration = 300 | max rel diff. = 1.86649
[2026-02-10 19:09:47.573] [jointLog] [info] iteration = 400 | max rel diff. = 15.0235
[2026-02-10 19:09:48.883] [jointLog] [info] iteration = 500 | max rel diff. = 0.242341
[2026-02-10 19:09:50.150] [jointLog] [info] iteration = 600 | max rel diff. = 0.787685
[2026-02-10 19:09:51.411] [jointLog] [info] iteration = 700 | max rel diff. = 0.458787
[2026-02-10 19:09:52.673] [jointLog] [info] iteration = 800 | max rel diff. = 0.0731841
[2026-02-10 19:09:53.930] [jointLog] [info] iteration = 900 | max rel diff. = 0.0684562
[2026-02-10 19:09:55.218] [jointLog] [info] iteration = 1,000 | max rel diff. = 0.139154
[2026-02-10 19:09:56.566] [jointLog] [info] iteration = 1,100 | max rel diff. = 0.710148
[2026-02-10 19:09:58.092] [jointLog] [info] iteration = 1,200 | max rel diff. = 0.0241505
[2026-02-10 19:09:59.753] [jointLog] [info] iteration = 1,300 | max rel diff. = 0.117034
[2026-02-10 19:10:01.554] [jointLog] [info] iteration = 1,400 | max rel diff. = 0.033039
[2026-02-10 19:10:03.616] [jointLog] [info] iteration = 1,500 | max rel diff. = 0.128271
[2026-02-10 19:10:05.578] [jointLog] [info] iteration = 1,600 | max rel diff. = 0.186987
[2026-02-10 19:10:07.145] [jointLog] [info] iteration = 1,700 | max rel diff. = 7.30325
[2026-02-10 19:10:08.599] [jointLog] [info] iteration = 1,800 | max rel diff. = 0.189749
[2026-02-10 19:10:10.017] [jointLog] [info] iteration = 1,900 | max rel diff. = 0.744863
[2026-02-10 19:10:10.092] [jointLog] [info] iteration = 1,907 | max rel diff. = 0.00440758
[2026-02-10 19:10:10.096] [jointLog] [info] Finished optimizer
[2026-02-10 19:10:10.096] [jointLog] [info] writing output 

